0 info it worked if it ends with ok
1 verbose cli [ 'C:\\Program Files\\nodejs\\node.exe',
1 verbose cli   'C:\\Program Files\\nodejs\\node_modules\\npm\\bin\\npm-cli.js',
1 verbose cli   'start' ]
2 info using npm@3.10.10
3 info using node@v7.3.0
4 verbose run-script [ 'prestart', 'start', 'poststart' ]
5 info lifecycle reactnativeappdemo@1.0.0~prestart: reactnativeappdemo@1.0.0
6 silly lifecycle reactnativeappdemo@1.0.0~prestart: no script for prestart, continuing
7 info lifecycle reactnativeappdemo@1.0.0~start: reactnativeappdemo@1.0.0
8 verbose lifecycle reactnativeappdemo@1.0.0~start: unsafe-perm in lifecycle true
9 verbose lifecycle reactnativeappdemo@1.0.0~start: PATH: C:\Program Files\nodejs\node_modules\npm\bin\node-gyp-bin;C:\Users\Song\Desktop\ReactNativeAppDemo\node_modules\.bin;C:\Python27\;C:\Python27\Scripts;C:\ProgramData\Oracle\Java\javapath;C:\WINDOWS\system32;C:\WINDOWS;C:\WINDOWS\System32\Wbem;C:\WINDOWS\System32\WindowsPowerShell\v1.0\;C:\Program Files (x86)\ATI Technologies\ATI.ACE\Core-Static;C:\Program Files\Intel\WiFi\bin\;C:\Program Files\Common Files\Intel\WirelessCommon\;C:\Program Files\Java\jdk1.8.0_101\bin;C:\Program Files\Java\jre1.8.0_101\bin;D:\Applications\git\Git\cmd;C:\ProgramData\chocolatey\bin;C:\Program Files\nodejs\;D:\Android\android_studio\sdk/tools;D:\Android\android_studio\sdk/platform-tools;C:\Users\Song\AppData\Local\Microsoft\WindowsApps;C:\Users\Song\AppData\Roaming\npm;D:\VsCode\Microsoft VS Code\bin
10 verbose lifecycle reactnativeappdemo@1.0.0~start: CWD: C:\Users\Song\Desktop\ReactNativeAppDemo
11 silly lifecycle reactnativeappdemo@1.0.0~start: Args: [ '/d /s /c',
11 silly lifecycle   'node node_modules/react-native/local-cli/cli.js start' ]
12 silly lifecycle reactnativeappdemo@1.0.0~start: Returned: code: 11  signal: null
13 info lifecycle reactnativeappdemo@1.0.0~start: Failed to exec start script
14 verbose stack Error: reactnativeappdemo@1.0.0 start: `node node_modules/react-native/local-cli/cli.js start`
14 verbose stack Exit status 11
14 verbose stack     at EventEmitter.<anonymous> (C:\Program Files\nodejs\node_modules\npm\lib\utils\lifecycle.js:255:16)
14 verbose stack     at emitTwo (events.js:106:13)
14 verbose stack     at EventEmitter.emit (events.js:191:7)
14 verbose stack     at ChildProcess.<anonymous> (C:\Program Files\nodejs\node_modules\npm\lib\utils\spawn.js:40:14)
14 verbose stack     at emitTwo (events.js:106:13)
14 verbose stack     at ChildProcess.emit (events.js:191:7)
14 verbose stack     at maybeClose (internal/child_process.js:885:16)
14 verbose stack     at Process.ChildProcess._handle.onexit (internal/child_process.js:226:5)
15 verbose pkgid reactnativeappdemo@1.0.0
16 verbose cwd C:\Users\Song\Desktop\ReactNativeAppDemo
17 error Windows_NT 10.0.14393
18 error argv "C:\\Program Files\\nodejs\\node.exe" "C:\\Program Files\\nodejs\\node_modules\\npm\\bin\\npm-cli.js" "start"
19 error node v7.3.0
20 error npm  v3.10.10
21 error code ELIFECYCLE
22 error reactnativeappdemo@1.0.0 start: `node node_modules/react-native/local-cli/cli.js start`
22 error Exit status 11
23 error Failed at the reactnativeappdemo@1.0.0 start script 'node node_modules/react-native/local-cli/cli.js start'.
23 error Make sure you have the latest version of node.js and npm installed.
23 error If you do, this is most likely a problem with the reactnativeappdemo package,
23 error not with npm itself.
23 error Tell the author that this fails on your system:
23 error     node node_modules/react-native/local-cli/cli.js start
23 error You can get information on how to open an issue for this project with:
23 error     npm bugs reactnativeappdemo
23 error Or if that isn't available, you can get their info via:
23 error     npm owner ls reactnativeappdemo
23 error There is likely additional logging output above.
24 verbose exit [ 1, true ]
